# JRE version: Java(TM) SE Runtime Environment (8.0_05-b13) (build 1.8.0_05-b13)
# Java VM: Java HotSpot(TM) 64-Bit Server VM (25.5-b02 mixed mode windows-amd64 compressed oops)
Heap:
 def new generation   total 1152K, used 727K [0x00000000a2400000, 0x00000000a2540000, 0x00000000c1800000)
  eden space 1024K,  68% used [0x00000000a2400000, 0x00000000a24af9e8, 0x00000000a2500000)
  from space 128K,  19% used [0x00000000a2500000, 0x00000000a2506528, 0x00000000a2520000)
  to   space 128K,   0% used [0x00000000a2520000, 0x00000000a2520000, 0x00000000a2540000)
 tenured generation   total 252672K, used 64820K [0x00000000c1800000, 0x00000000d0ec0000, 0x0000000100000000)
   the space 252672K,  25% used [0x00000000c1800000, 0x00000000c574d1f8, 0x00000000c574d200, 0x00000000d0ec0000)
 Metaspace       used 19409K, capacity 19962K, committed 20096K, reserved 1067008K
  class space    used 2238K, capacity 2363K, committed 2432K, reserved 1048576K
GC Heap History (10 events):
Event: 5.104 GC heap before
{Heap before GC invocations=959 (full 0):
 def new generation   total 1152K, used 1112K [0x00000000a2400000, 0x00000000a2540000, 0x00000000c1800000)
  eden space 1024K, 100% used [0x00000000a2400000, 0x00000000a2500000, 0x00000000a2500000)
  from space 128K,  69% used [0x00000000a2520000, 0x00000000a2536348, 0x00000000a2540000)
  to   space 128K,   0% used [0x00000000a2500000, 0x00000000a2500000, 0x00000000a2520000)
 tenured generation   total 252672K, used 64393K [0x00000000c1800000, 0x00000000d0ec0000, 0x0000000100000000)
   the space 252672K,  25% used [0x00000000c1800000, 0x00000000c56e27f0, 0x00000000c56e2800, 0x00000000d0ec0000)
 Metaspace       used 19107K, capacity 19668K, committed 19840K, reserved 1067008K
  class space    used 2207K, capacity 2330K, committed 2432K, reserved 1048576K
Event: 5.105 GC heap after
Heap after GC invocations=960 (full 0):
 def new generation   total 1152K, used 71K [0x00000000a2400000, 0x00000000a2540000, 0x00000000c1800000)
  eden space 1024K,   0% used [0x00000000a2400000, 0x00000000a2400000, 0x00000000a2500000)
  from space 128K,  56% used [0x00000000a2500000, 0x00000000a2511ff0, 0x00000000a2520000)
  to   space 128K,   0% used [0x00000000a2520000, 0x00000000a2520000, 0x00000000a2540000)
 tenured generation   total 252672K, used 64448K [0x00000000c1800000, 0x00000000d0ec0000, 0x0000000100000000)
   the space 252672K,  25% used [0x00000000c1800000, 0x00000000c56f00f8, 0x00000000c56f0200, 0x00000000d0ec0000)
 Metaspace       used 19107K, capacity 19668K, committed 19840K, reserved 1067008K
  class space    used 2207K, capacity 2330K, committed 2432K, reserved 1048576K
}
Event: 5.107 GC heap before
{Heap before GC invocations=960 (full 0):
 def new generation   total 1152K, used 1095K [0x00000000a2400000, 0x00000000a2540000, 0x00000000c1800000)
  eden space 1024K, 100% used [0x00000000a2400000, 0x00000000a2500000, 0x00000000a2500000)
  from space 128K,  56% used [0x00000000a2500000, 0x00000000a2511ff0, 0x00000000a2520000)
  to   space 128K,   0% used [0x00000000a2520000, 0x00000000a2520000, 0x00000000a2540000)
 tenured generation   total 252672K, used 64448K [0x00000000c1800000, 0x00000000d0ec0000, 0x0000000100000000)
   the space 252672K,  25% used [0x00000000c1800000, 0x00000000c56f00f8, 0x00000000c56f0200, 0x00000000d0ec0000)
 Metaspace       used 19114K, capacity 19674K, committed 19840K, reserved 1067008K
  class space    used 2208K, capacity 2331K, committed 2432K, reserved 1048576K
Event: 5.108 GC heap after
Heap after GC invocations=961 (full 0):
 def new generation   total 1152K, used 59K [0x00000000a2400000, 0x00000000a2540000, 0x00000000c1800000)
  eden space 1024K,   0% used [0x00000000a2400000, 0x00000000a2400000, 0x00000000a2500000)
  from space 128K,  46% used [0x00000000a2520000, 0x00000000a252ed88, 0x00000000a2540000)
  to   space 128K,   0% used [0x00000000a2500000, 0x00000000a2500000, 0x00000000a2520000)
 tenured generation   total 252672K, used 64478K [0x00000000c1800000, 0x00000000d0ec0000, 0x0000000100000000)
   the space 252672K,  25% used [0x00000000c1800000, 0x00000000c56f79f8, 0x00000000c56f7a00, 0x00000000d0ec0000)
 Metaspace       used 19114K, capacity 19674K, committed 19840K, reserved 1067008K
  class space    used 2208K, capacity 2331K, committed 2432K, reserved 1048576K
}
Event: 5.113 GC heap before
{Heap before GC invocations=961 (full 0):
 def new generation   total 1152K, used 1065K [0x00000000a2400000, 0x00000000a2540000, 0x00000000c1800000)
  eden space 1024K,  98% used [0x00000000a2400000, 0x00000000a24fb970, 0x00000000a2500000)
  from space 128K,  46% used [0x00000000a2520000, 0x00000000a252ed88, 0x00000000a2540000)
  to   space 128K,   0% used [0x00000000a2500000, 0x00000000a2500000, 0x00000000a2520000)
 tenured generation   total 252672K, used 64478K [0x00000000c1800000, 0x00000000d0ec0000, 0x0000000100000000)
   the space 252672K,  25% used [0x00000000c1800000, 0x00000000c56f79f8, 0x00000000c56f7a00, 0x00000000d0ec0000)
 Metaspace       used 19158K, capacity 19674K, committed 19840K, reserved 1067008K
  class space    used 2211K, capacity 2331K, committed 2432K, reserved 1048576K
Event: 5.114 GC heap after
Heap after GC invocations=962 (full 0):
 def new generation   total 1152K, used 127K [0x00000000a2400000, 0x00000000a2540000, 0x00000000c1800000)
  eden space 1024K,   0% used [0x00000000a2400000, 0x00000000a2400000, 0x00000000a2500000)
  from space 128K,  99% used [0x00000000a2500000, 0x00000000a251fff8, 0x00000000a2520000)
  to   space 128K,   0% used [0x00000000a2520000, 0x00000000a2520000, 0x00000000a2540000)
 tenured generation   total 252672K, used 64547K [0x00000000c1800000, 0x00000000d0ec0000, 0x0000000100000000)
   the space 252672K,  25% used [0x00000000c1800000, 0x00000000c5708f10, 0x00000000c5709000, 0x00000000d0ec0000)
 Metaspace       used 19158K, capacity 19674K, committed 19840K, reserved 1067008K
  class space    used 2211K, capacity 2331K, committed 2432K, reserved 1048576K
}
Event: 5.120 GC heap before
{Heap before GC invocations=962 (full 0):
 def new generation   total 1152K, used 1137K [0x00000000a2400000, 0x00000000a2540000, 0x00000000c1800000)
  eden space 1024K,  98% used [0x00000000a2400000, 0x00000000a24fc6b8, 0x00000000a2500000)
  from space 128K,  99% used [0x00000000a2500000, 0x00000000a251fff8, 0x00000000a2520000)
  to   space 128K,   0% used [0x00000000a2520000, 0x00000000a2520000, 0x00000000a2540000)
 tenured generation   total 252672K, used 64547K [0x00000000c1800000, 0x00000000d0ec0000, 0x0000000100000000)
   the space 252672K,  25% used [0x00000000c1800000, 0x00000000c5708f10, 0x00000000c5709000, 0x00000000d0ec0000)
 Metaspace       used 19325K, capacity 19898K, committed 20096K, reserved 1067008K
  class space    used 2226K, capacity 2363K, committed 2432K, reserved 1048576K
Event: 5.121 GC heap after
Heap after GC invocations=963 (full 0):
 def new generation   total 1152K, used 127K [0x00000000a2400000, 0x00000000a2540000, 0x00000000c1800000)
  eden space 1024K,   0% used [0x00000000a2400000, 0x00000000a2400000, 0x00000000a2500000)
  from space 128K,  99% used [0x00000000a2520000, 0x00000000a253ffd0, 0x00000000a2540000)
  to   space 128K,   0% used [0x00000000a2500000, 0x00000000a2500000, 0x00000000a2520000)
 tenured generation   total 252672K, used 64750K [0x00000000c1800000, 0x00000000d0ec0000, 0x0000000100000000)
   the space 252672K,  25% used [0x00000000c1800000, 0x00000000c573b950, 0x00000000c573ba00, 0x00000000d0ec0000)
 Metaspace       used 19325K, capacity 19898K, committed 20096K, reserved 1067008K
  class space    used 2226K, capacity 2363K, committed 2432K, reserved 1048576K
}
Event: 5.123 GC heap before
{Heap before GC invocations=963 (full 0):
 def new generation   total 1152K, used 1151K [0x00000000a2400000, 0x00000000a2540000, 0x00000000c1800000)
  eden space 1024K, 100% used [0x00000000a2400000, 0x00000000a2500000, 0x00000000a2500000)
  from space 128K,  99% used [0x00000000a2520000, 0x00000000a253ffd0, 0x00000000a2540000)
  to   space 128K,   0% used [0x00000000a2500000, 0x00000000a2500000, 0x00000000a2520000)
 tenured generation   total 252672K, used 64750K [0x00000000c1800000, 0x00000000d0ec0000, 0x0000000100000000)
   the space 252672K,  25% used [0x00000000c1800000, 0x00000000c573b950, 0x00000000c573ba00, 0x00000000d0ec0000)
 Metaspace       used 19360K, capacity 19898K, committed 20096K, reserved 1067008K
  class space    used 2230K, capacity 2363K, committed 2432K, reserved 1048576K
Event: 5.123 GC heap after
Heap after GC invocations=964 (full 0):
 def new generation   total 1152K, used 25K [0x00000000a2400000, 0x00000000a2540000, 0x00000000c1800000)
  eden space 1024K,   0% used [0x00000000a2400000, 0x00000000a2400000, 0x00000000a2500000)
  from space 128K,  19% used [0x00000000a2500000, 0x00000000a2506528, 0x00000000a2520000)
  to   space 128K,   0% used [0x00000000a2520000, 0x00000000a2520000, 0x00000000a2540000)
 tenured generation   total 252672K, used 64820K [0x00000000c1800000, 0x00000000d0ec0000, 0x0000000100000000)
   the space 252672K,  25% used [0x00000000c1800000, 0x00000000c574d1f8, 0x00000000c574d200, 0x00000000d0ec0000)
 Metaspace       used 19360K, capacity 19898K, committed 20096K, reserved 1067008K
  class space    used 2230K, capacity 2363K, committed 2432K, reserved 1048576K
}

