# JRE version: Java(TM) SE Runtime Environment (8.0_05-b13) (build 1.8.0_05-b13)
# Java VM: Java HotSpot(TM) 64-Bit Server VM (25.5-b02 mixed mode windows-amd64 compressed oops)
Heap:
 def new generation   total 1152K, used 450K [0x00000000a2400000, 0x00000000a2540000, 0x00000000c1800000)
  eden space 1024K,  31% used [0x00000000a2400000, 0x00000000a2450b88, 0x00000000a2500000)
  from space 128K,  99% used [0x00000000a2520000, 0x00000000a253fff8, 0x00000000a2540000)
  to   space 128K,   0% used [0x00000000a2500000, 0x00000000a2500000, 0x00000000a2520000)
 tenured generation   total 252672K, used 51637K [0x00000000c1800000, 0x00000000d0ec0000, 0x0000000100000000)
   the space 252672K,  20% used [0x00000000c1800000, 0x00000000c4a6d6f0, 0x00000000c4a6d800, 0x00000000d0ec0000)
 Metaspace       used 13619K, capacity 13892K, committed 13952K, reserved 1060864K
  class space    used 1543K, capacity 1618K, committed 1664K, reserved 1048576K
GC Heap History (10 events):
Event: 2.506 GC heap before
{Heap before GC invocations=570 (full 0):
 def new generation   total 1152K, used 1152K [0x00000000a2400000, 0x00000000a2540000, 0x00000000c1800000)
  eden space 1024K, 100% used [0x00000000a2400000, 0x00000000a2500000, 0x00000000a2500000)
  from space 128K, 100% used [0x00000000a2500000, 0x00000000a2520000, 0x00000000a2520000)
  to   space 128K,   0% used [0x00000000a2520000, 0x00000000a2520000, 0x00000000a2540000)
 tenured generation   total 252672K, used 51374K [0x00000000c1800000, 0x00000000d0ec0000, 0x0000000100000000)
   the space 252672K,  20% used [0x00000000c1800000, 0x00000000c4a2bb18, 0x00000000c4a2bc00, 0x00000000d0ec0000)
 Metaspace       used 13362K, capacity 13668K, committed 13952K, reserved 1060864K
  class space    used 1518K, capacity 1586K, committed 1664K, reserved 1048576K
Event: 2.507 GC heap after
Heap after GC invocations=571 (full 0):
 def new generation   total 1152K, used 74K [0x00000000a2400000, 0x00000000a2540000, 0x00000000c1800000)
  eden space 1024K,   0% used [0x00000000a2400000, 0x00000000a2400000, 0x00000000a2500000)
  from space 128K,  57% used [0x00000000a2520000, 0x00000000a2532870, 0x00000000a2540000)
  to   space 128K,   0% used [0x00000000a2500000, 0x00000000a2500000, 0x00000000a2520000)
 tenured generation   total 252672K, used 51455K [0x00000000c1800000, 0x00000000d0ec0000, 0x0000000100000000)
   the space 252672K,  20% used [0x00000000c1800000, 0x00000000c4a3fe58, 0x00000000c4a40000, 0x00000000d0ec0000)
 Metaspace       used 13362K, capacity 13668K, committed 13952K, reserved 1060864K
  class space    used 1518K, capacity 1586K, committed 1664K, reserved 1048576K
}
Event: 2.509 GC heap before
{Heap before GC invocations=571 (full 0):
 def new generation   total 1152K, used 1098K [0x00000000a2400000, 0x00000000a2540000, 0x00000000c1800000)
  eden space 1024K, 100% used [0x00000000a2400000, 0x00000000a2500000, 0x00000000a2500000)
  from space 128K,  57% used [0x00000000a2520000, 0x00000000a2532870, 0x00000000a2540000)
  to   space 128K,   0% used [0x00000000a2500000, 0x00000000a2500000, 0x00000000a2520000)
 tenured generation   total 252672K, used 51455K [0x00000000c1800000, 0x00000000d0ec0000, 0x0000000100000000)
   the space 252672K,  20% used [0x00000000c1800000, 0x00000000c4a3fe58, 0x00000000c4a40000, 0x00000000d0ec0000)
 Metaspace       used 13362K, capacity 13668K, committed 13952K, reserved 1060864K
  class space    used 1518K, capacity 1586K, committed 1664K, reserved 1048576K
Event: 2.509 GC heap after
Heap after GC invocations=572 (full 0):
 def new generation   total 1152K, used 112K [0x00000000a2400000, 0x00000000a2540000, 0x00000000c1800000)
  eden space 1024K,   0% used [0x00000000a2400000, 0x00000000a2400000, 0x00000000a2500000)
  from space 128K,  87% used [0x00000000a2500000, 0x00000000a251c188, 0x00000000a2520000)
  to   space 128K,   0% used [0x00000000a2520000, 0x00000000a2520000, 0x00000000a2540000)
 tenured generation   total 252672K, used 51468K [0x00000000c1800000, 0x00000000d0ec0000, 0x0000000100000000)
   the space 252672K,  20% used [0x00000000c1800000, 0x00000000c4a43350, 0x00000000c4a43400, 0x00000000d0ec0000)
 Metaspace       used 13362K, capacity 13668K, committed 13952K, reserved 1060864K
  class space    used 1518K, capacity 1586K, committed 1664K, reserved 1048576K
}
Event: 2.512 GC heap before
{Heap before GC invocations=572 (full 0):
 def new generation   total 1152K, used 1136K [0x00000000a2400000, 0x00000000a2540000, 0x00000000c1800000)
  eden space 1024K, 100% used [0x00000000a2400000, 0x00000000a2500000, 0x00000000a2500000)
  from space 128K,  87% used [0x00000000a2500000, 0x00000000a251c188, 0x00000000a2520000)
  to   space 128K,   0% used [0x00000000a2520000, 0x00000000a2520000, 0x00000000a2540000)
 tenured generation   total 252672K, used 51468K [0x00000000c1800000, 0x00000000d0ec0000, 0x0000000100000000)
   the space 252672K,  20% used [0x00000000c1800000, 0x00000000c4a43350, 0x00000000c4a43400, 0x00000000d0ec0000)
 Metaspace       used 13362K, capacity 13668K, committed 13952K, reserved 1060864K
  class space    used 1518K, capacity 1586K, committed 1664K, reserved 1048576K
Event: 2.512 GC heap after
Heap after GC invocations=573 (full 0):
 def new generation   total 1152K, used 127K [0x00000000a2400000, 0x00000000a2540000, 0x00000000c1800000)
  eden space 1024K,   0% used [0x00000000a2400000, 0x00000000a2400000, 0x00000000a2500000)
  from space 128K,  99% used [0x00000000a2520000, 0x00000000a253fff8, 0x00000000a2540000)
  to   space 128K,   0% used [0x00000000a2500000, 0x00000000a2500000, 0x00000000a2520000)
 tenured generation   total 252672K, used 51531K [0x00000000c1800000, 0x00000000d0ec0000, 0x0000000100000000)
   the space 252672K,  20% used [0x00000000c1800000, 0x00000000c4a52ce0, 0x00000000c4a52e00, 0x00000000d0ec0000)
 Metaspace       used 13362K, capacity 13668K, committed 13952K, reserved 1060864K
  class space    used 1518K, capacity 1586K, committed 1664K, reserved 1048576K
}
Event: 2.514 GC heap before
{Heap before GC invocations=573 (full 0):
 def new generation   total 1152K, used 1151K [0x00000000a2400000, 0x00000000a2540000, 0x00000000c1800000)
  eden space 1024K, 100% used [0x00000000a2400000, 0x00000000a2500000, 0x00000000a2500000)
  from space 128K,  99% used [0x00000000a2520000, 0x00000000a253fff8, 0x00000000a2540000)
  to   space 128K,   0% used [0x00000000a2500000, 0x00000000a2500000, 0x00000000a2520000)
 tenured generation   total 252672K, used 51531K [0x00000000c1800000, 0x00000000d0ec0000, 0x0000000100000000)
   the space 252672K,  20% used [0x00000000c1800000, 0x00000000c4a52ce0, 0x00000000c4a52e00, 0x00000000d0ec0000)
 Metaspace       used 13362K, capacity 13668K, committed 13952K, reserved 1060864K
  class space    used 1518K, capacity 1586K, committed 1664K, reserved 1048576K
Event: 2.515 GC heap after
Heap after GC invocations=574 (full 0):
 def new generation   total 1152K, used 62K [0x00000000a2400000, 0x00000000a2540000, 0x00000000c1800000)
  eden space 1024K,   0% used [0x00000000a2400000, 0x00000000a2400000, 0x00000000a2500000)
  from space 128K,  49% used [0x00000000a2500000, 0x00000000a250fbf0, 0x00000000a2520000)
  to   space 128K,   0% used [0x00000000a2520000, 0x00000000a2520000, 0x00000000a2540000)
 tenured generation   total 252672K, used 51612K [0x00000000c1800000, 0x00000000d0ec0000, 0x0000000100000000)
   the space 252672K,  20% used [0x00000000c1800000, 0x00000000c4a67300, 0x00000000c4a67400, 0x00000000d0ec0000)
 Metaspace       used 13362K, capacity 13668K, committed 13952K, reserved 1060864K
  class space    used 1518K, capacity 1586K, committed 1664K, reserved 1048576K
}
Event: 2.524 GC heap before
{Heap before GC invocations=574 (full 0):
 def new generation   total 1152K, used 1086K [0x00000000a2400000, 0x00000000a2540000, 0x00000000c1800000)
  eden space 1024K, 100% used [0x00000000a2400000, 0x00000000a2500000, 0x00000000a2500000)
  from space 128K,  49% used [0x00000000a2500000, 0x00000000a250fbf0, 0x00000000a2520000)
  to   space 128K,   0% used [0x00000000a2520000, 0x00000000a2520000, 0x00000000a2540000)
 tenured generation   total 252672K, used 51612K [0x00000000c1800000, 0x00000000d0ec0000, 0x0000000100000000)
   the space 252672K,  20% used [0x00000000c1800000, 0x00000000c4a67300, 0x00000000c4a67400, 0x00000000d0ec0000)
 Metaspace       used 13550K, capacity 13828K, committed 13952K, reserved 1060864K
  class space    used 1536K, capacity 1618K, committed 1664K, reserved 1048576K
Event: 2.525 GC heap after
Heap after GC invocations=575 (full 0):
 def new generation   total 1152K, used 127K [0x00000000a2400000, 0x00000000a2540000, 0x00000000c1800000)
  eden space 1024K,   0% used [0x00000000a2400000, 0x00000000a2400000, 0x00000000a2500000)
  from space 128K,  99% used [0x00000000a2520000, 0x00000000a253fff8, 0x00000000a2540000)
  to   space 128K,   0% used [0x00000000a2500000, 0x00000000a2500000, 0x00000000a2520000)
 tenured generation   total 252672K, used 51637K [0x00000000c1800000, 0x00000000d0ec0000, 0x0000000100000000)
   the space 252672K,  20% used [0x00000000c1800000, 0x00000000c4a6d6f0, 0x00000000c4a6d800, 0x00000000d0ec0000)
 Metaspace       used 13550K, capacity 13828K, committed 13952K, reserved 1060864K
  class space    used 1536K, capacity 1618K, committed 1664K, reserved 1048576K
}

