# JRE version: Java(TM) SE Runtime Environment (8.0_05-b13) (build 1.8.0_05-b13)
# Java VM: Java HotSpot(TM) 64-Bit Server VM (25.5-b02 mixed mode windows-amd64 compressed oops)
Heap:
 def new generation   total 1152K, used 156K [0x00000000a2400000, 0x00000000a2540000, 0x00000000c1800000)
  eden space 1024K,   6% used [0x00000000a2400000, 0x00000000a2410410, 0x00000000a2500000)
  from space 128K,  71% used [0x00000000a2520000, 0x00000000a2536e28, 0x00000000a2540000)
  to   space 128K,   0% used [0x00000000a2500000, 0x00000000a2500000, 0x00000000a2520000)
 tenured generation   total 252672K, used 65350K [0x00000000c1800000, 0x00000000d0ec0000, 0x0000000100000000)
   the space 252672K,  25% used [0x00000000c1800000, 0x00000000c57d1b00, 0x00000000c57d1c00, 0x00000000d0ec0000)
 Metaspace       used 19418K, capacity 19968K, committed 20096K, reserved 1067008K
  class space    used 2239K, capacity 2364K, committed 2432K, reserved 1048576K
GC Heap History (10 events):
Event: 5.184 GC heap before
{Heap before GC invocations=966 (full 0):
 def new generation   total 1152K, used 1091K [0x00000000a2400000, 0x00000000a2540000, 0x00000000c1800000)
  eden space 1024K, 100% used [0x00000000a2400000, 0x00000000a2500000, 0x00000000a2500000)
  from space 128K,  52% used [0x00000000a2500000, 0x00000000a2510de8, 0x00000000a2520000)
  to   space 128K,   0% used [0x00000000a2520000, 0x00000000a2520000, 0x00000000a2540000)
 tenured generation   total 252672K, used 64971K [0x00000000c1800000, 0x00000000d0ec0000, 0x0000000100000000)
   the space 252672K,  25% used [0x00000000c1800000, 0x00000000c5772ca8, 0x00000000c5772e00, 0x00000000d0ec0000)
 Metaspace       used 19122K, capacity 19680K, committed 19840K, reserved 1067008K
  class space    used 2209K, capacity 2332K, committed 2432K, reserved 1048576K
Event: 5.185 GC heap after
Heap after GC invocations=967 (full 0):
 def new generation   total 1152K, used 70K [0x00000000a2400000, 0x00000000a2540000, 0x00000000c1800000)
  eden space 1024K,   0% used [0x00000000a2400000, 0x00000000a2400000, 0x00000000a2500000)
  from space 128K,  54% used [0x00000000a2520000, 0x00000000a2531868, 0x00000000a2540000)
  to   space 128K,   0% used [0x00000000a2500000, 0x00000000a2500000, 0x00000000a2520000)
 tenured generation   total 252672K, used 64996K [0x00000000c1800000, 0x00000000d0ec0000, 0x0000000100000000)
   the space 252672K,  25% used [0x00000000c1800000, 0x00000000c5779380, 0x00000000c5779400, 0x00000000d0ec0000)
 Metaspace       used 19122K, capacity 19680K, committed 19840K, reserved 1067008K
  class space    used 2209K, capacity 2332K, committed 2432K, reserved 1048576K
}
Event: 5.190 GC heap before
{Heap before GC invocations=967 (full 0):
 def new generation   total 1152K, used 1094K [0x00000000a2400000, 0x00000000a2540000, 0x00000000c1800000)
  eden space 1024K, 100% used [0x00000000a2400000, 0x00000000a2500000, 0x00000000a2500000)
  from space 128K,  54% used [0x00000000a2520000, 0x00000000a2531868, 0x00000000a2540000)
  to   space 128K,   0% used [0x00000000a2500000, 0x00000000a2500000, 0x00000000a2520000)
 tenured generation   total 252672K, used 64996K [0x00000000c1800000, 0x00000000d0ec0000, 0x0000000100000000)
   the space 252672K,  25% used [0x00000000c1800000, 0x00000000c5779380, 0x00000000c5779400, 0x00000000d0ec0000)
 Metaspace       used 19126K, capacity 19680K, committed 19840K, reserved 1067008K
  class space    used 2209K, capacity 2332K, committed 2432K, reserved 1048576K
Event: 5.191 GC heap after
Heap after GC invocations=968 (full 0):
 def new generation   total 1152K, used 73K [0x00000000a2400000, 0x00000000a2540000, 0x00000000c1800000)
  eden space 1024K,   0% used [0x00000000a2400000, 0x00000000a2400000, 0x00000000a2500000)
  from space 128K,  57% used [0x00000000a2500000, 0x00000000a2512590, 0x00000000a2520000)
  to   space 128K,   0% used [0x00000000a2520000, 0x00000000a2520000, 0x00000000a2540000)
 tenured generation   total 252672K, used 65023K [0x00000000c1800000, 0x00000000d0ec0000, 0x0000000100000000)
   the space 252672K,  25% used [0x00000000c1800000, 0x00000000c577fed0, 0x00000000c5780000, 0x00000000d0ec0000)
 Metaspace       used 19126K, capacity 19680K, committed 19840K, reserved 1067008K
  class space    used 2209K, capacity 2332K, committed 2432K, reserved 1048576K
}
Event: 5.197 GC heap before
{Heap before GC invocations=968 (full 0):
 def new generation   total 1152K, used 1077K [0x00000000a2400000, 0x00000000a2540000, 0x00000000c1800000)
  eden space 1024K,  98% used [0x00000000a2400000, 0x00000000a24faf90, 0x00000000a2500000)
  from space 128K,  57% used [0x00000000a2500000, 0x00000000a2512590, 0x00000000a2520000)
  to   space 128K,   0% used [0x00000000a2520000, 0x00000000a2520000, 0x00000000a2540000)
 tenured generation   total 252672K, used 65023K [0x00000000c1800000, 0x00000000d0ec0000, 0x0000000100000000)
   the space 252672K,  25% used [0x00000000c1800000, 0x00000000c577fed0, 0x00000000c5780000, 0x00000000d0ec0000)
 Metaspace       used 19275K, capacity 19840K, committed 20096K, reserved 1067008K
  class space    used 2222K, capacity 2364K, committed 2432K, reserved 1048576K
Event: 5.198 GC heap after
Heap after GC invocations=969 (full 0):
 def new generation   total 1152K, used 127K [0x00000000a2400000, 0x00000000a2540000, 0x00000000c1800000)
  eden space 1024K,   0% used [0x00000000a2400000, 0x00000000a2400000, 0x00000000a2500000)
  from space 128K,  99% used [0x00000000a2520000, 0x00000000a253ffd8, 0x00000000a2540000)
  to   space 128K,   0% used [0x00000000a2500000, 0x00000000a2500000, 0x00000000a2520000)
 tenured generation   total 252672K, used 65227K [0x00000000c1800000, 0x00000000d0ec0000, 0x0000000100000000)
   the space 252672K,  25% used [0x00000000c1800000, 0x00000000c57b2cf8, 0x00000000c57b2e00, 0x00000000d0ec0000)
 Metaspace       used 19275K, capacity 19840K, committed 20096K, reserved 1067008K
  class space    used 2222K, capacity 2364K, committed 2432K, reserved 1048576K
}
Event: 5.202 GC heap before
{Heap before GC invocations=969 (full 0):
 def new generation   total 1152K, used 1145K [0x00000000a2400000, 0x00000000a2540000, 0x00000000c1800000)
  eden space 1024K,  99% used [0x00000000a2400000, 0x00000000a24fe5e8, 0x00000000a2500000)
  from space 128K,  99% used [0x00000000a2520000, 0x00000000a253ffd8, 0x00000000a2540000)
  to   space 128K,   0% used [0x00000000a2500000, 0x00000000a2500000, 0x00000000a2520000)
 tenured generation   total 252672K, used 65227K [0x00000000c1800000, 0x00000000d0ec0000, 0x0000000100000000)
   the space 252672K,  25% used [0x00000000c1800000, 0x00000000c57b2cf8, 0x00000000c57b2e00, 0x00000000d0ec0000)
 Metaspace       used 19364K, capacity 19904K, committed 20096K, reserved 1067008K
  class space    used 2231K, capacity 2364K, committed 2432K, reserved 1048576K
Event: 5.203 GC heap after
Heap after GC invocations=970 (full 0):
 def new generation   total 1152K, used 89K [0x00000000a2400000, 0x00000000a2540000, 0x00000000c1800000)
  eden space 1024K,   0% used [0x00000000a2400000, 0x00000000a2400000, 0x00000000a2500000)
  from space 128K,  69% used [0x00000000a2500000, 0x00000000a25165b8, 0x00000000a2520000)
  to   space 128K,   0% used [0x00000000a2520000, 0x00000000a2520000, 0x00000000a2540000)
 tenured generation   total 252672K, used 65330K [0x00000000c1800000, 0x00000000d0ec0000, 0x0000000100000000)
   the space 252672K,  25% used [0x00000000c1800000, 0x00000000c57cca18, 0x00000000c57ccc00, 0x00000000d0ec0000)
 Metaspace       used 19364K, capacity 19904K, committed 20096K, reserved 1067008K
  class space    used 2231K, capacity 2364K, committed 2432K, reserved 1048576K
}
Event: 5.207 GC heap before
{Heap before GC invocations=970 (full 0):
 def new generation   total 1152K, used 1113K [0x00000000a2400000, 0x00000000a2540000, 0x00000000c1800000)
  eden space 1024K, 100% used [0x00000000a2400000, 0x00000000a2500000, 0x00000000a2500000)
  from space 128K,  69% used [0x00000000a2500000, 0x00000000a25165b8, 0x00000000a2520000)
  to   space 128K,   0% used [0x00000000a2520000, 0x00000000a2520000, 0x00000000a2540000)
 tenured generation   total 252672K, used 65330K [0x00000000c1800000, 0x00000000d0ec0000, 0x0000000100000000)
   the space 252672K,  25% used [0x00000000c1800000, 0x00000000c57cca18, 0x00000000c57ccc00, 0x00000000d0ec0000)
 Metaspace       used 19418K, capacity 19968K, committed 20096K, reserved 1067008K
  class space    used 2239K, capacity 2364K, committed 2432K, reserved 1048576K
Event: 5.208 GC heap after
Heap after GC invocations=971 (full 0):
 def new generation   total 1152K, used 91K [0x00000000a2400000, 0x00000000a2540000, 0x00000000c1800000)
  eden space 1024K,   0% used [0x00000000a2400000, 0x00000000a2400000, 0x00000000a2500000)
  from space 128K,  71% used [0x00000000a2520000, 0x00000000a2536e28, 0x00000000a2540000)
  to   space 128K,   0% used [0x00000000a2500000, 0x00000000a2500000, 0x00000000a2520000)
 tenured generation   total 252672K, used 65350K [0x00000000c1800000, 0x00000000d0ec0000, 0x0000000100000000)
   the space 252672K,  25% used [0x00000000c1800000, 0x00000000c57d1b00, 0x00000000c57d1c00, 0x00000000d0ec0000)
 Metaspace       used 19418K, capacity 19968K, committed 20096K, reserved 1067008K
  class space    used 2239K, capacity 2364K, committed 2432K, reserved 1048576K
}

